<?xml version="1.0" encoding="UTF-8"?>
<!-- Generated by org.testng.reporters.JUnitReportReporter -->
<testsuite hostname="LAPTOP-O2PFH35H" name="com.cucumberFramework.testRunner.TestRunner" tests="1" failures="0" timestamp="29 May 2022 05:59:29 GMT" time="22.863" errors="0">
  <testcase name="feature" time="22.863" classname="com.cucumberFramework.testRunner.TestRunner"/>
</testsuite> <!-- com.cucumberFramework.testRunner.TestRunner -->
